<?xml version="1.0" encoding="UTF-8"?>
<!-- Generated by org.testng.reporters.JUnitReportReporter -->
<testsuite skipped="6" hostname="DESKTOP-GKM8JN3" name="com.nopcommerce.Login" tests="6" failures="0" timestamp="15 Apr 2021 11:58:32 GMT" time="0.000" errors="0">
  <testcase name="Login_01_Login_With_Empty_Data" time="0.000" classname="com.nopcommerce.Login">
    <skipped/>
  </testcase> <!-- Login_01_Login_With_Empty_Data -->
  <testcase name="Login_02_Login_With_Invalid_Email" time="0.000" classname="com.nopcommerce.Login">
    <skipped/>
  </testcase> <!-- Login_02_Login_With_Invalid_Email -->
  <testcase name="Login_06_Login_With_Valid_Data" time="0.000" classname="com.nopcommerce.Login">
    <skipped/>
  </testcase> <!-- Login_06_Login_With_Valid_Data -->
  <testcase name="Login_04_Login_With_Empty_Password" time="0.000" classname="com.nopcommerce.Login">
    <skipped/>
  </testcase> <!-- Login_04_Login_With_Empty_Password -->
  <testcase name="Login_05_Login_With_Invalid_Password" time="0.000" classname="com.nopcommerce.Login">
    <skipped/>
  </testcase> <!-- Login_05_Login_With_Invalid_Password -->
  <testcase name="Login_03_Login_With_Not_Exist_Email" time="0.000" classname="com.nopcommerce.Login">
    <skipped/>
  </testcase> <!-- Login_03_Login_With_Not_Exist_Email -->
</testsuite> <!-- com.nopcommerce.Login -->
