<?xml version="1.0" encoding="UTF-8"?>
<!-- Generated by org.testng.reporters.JUnitReportReporter -->
<testsuite skipped="6" hostname="DESKTOP-GKM8JN3" name="com.nopcommerce.Register" tests="6" failures="0" timestamp="15 Apr 2021 11:58:32 GMT" time="0.000" errors="0">
  <testcase name="Register_01_Register_With_Empty_Data" time="0.000" classname="com.nopcommerce.Register">
    <skipped/>
  </testcase> <!-- Register_01_Register_With_Empty_Data -->
  <testcase name="Register_06_Register_With_Valid_Data" time="0.000" classname="com.nopcommerce.Register">
    <skipped/>
  </testcase> <!-- Register_06_Register_With_Valid_Data -->
  <testcase name="Register_04_Register_With_Invalid_Password" time="0.000" classname="com.nopcommerce.Register">
    <skipped/>
  </testcase> <!-- Register_04_Register_With_Invalid_Password -->
  <testcase name="Register_02_Register_With_Invalid_Email" time="0.000" classname="com.nopcommerce.Register">
    <skipped/>
  </testcase> <!-- Register_02_Register_With_Invalid_Email -->
  <testcase name="Register_05_Register_With_Invalid_Confirm_Password" time="0.000" classname="com.nopcommerce.Register">
    <skipped/>
  </testcase> <!-- Register_05_Register_With_Invalid_Confirm_Password -->
  <testcase name="Register_03_Register_With_Existed_Email" time="0.000" classname="com.nopcommerce.Register">
    <skipped/>
  </testcase> <!-- Register_03_Register_With_Existed_Email -->
</testsuite> <!-- com.nopcommerce.Register -->
