<?xml version="1.0" encoding="UTF-8"?>
<!-- Generated by org.testng.reporters.JUnitReportReporter -->
<testsuite skipped="0" hostname="DESKTOP-GKM8JN3" name="com.nopcommerce.My_Account" tests="4" failures="0" timestamp="23 Mar 2021 17:43:45 GMT" time="42.282" errors="0">
  <testcase name="My_Account_02_Addresses" time="8.676" classname="com.nopcommerce.My_Account"/>
  <testcase name="My_Account_04_My_Product_Reviews" time="9.819" classname="com.nopcommerce.My_Account"/>
  <testcase name="My_Account_03_Change_Password" time="17.434" classname="com.nopcommerce.My_Account"/>
  <testcase name="My_Account_01_Customer_Info" time="6.353" classname="com.nopcommerce.My_Account"/>
</testsuite> <!-- com.nopcommerce.My_Account -->
