<?xml version="1.0" encoding="UTF-8"?>
<!-- Generated by org.testng.reporters.JUnitReportReporter -->
<testsuite skipped="0" hostname="DESKTOP-GKM8JN3" name="com.nopcommerce.Register" tests="6" failures="0" timestamp="28 Mar 2021 07:48:36 GMT" time="8.180" errors="0">
  <testcase name="Register_04_Register_With_Invalid_Password" time="1.047" classname="com.nopcommerce.Register"/>
  <testcase name="Register_02_Register_With_Invalid_Email" time="1.123" classname="com.nopcommerce.Register"/>
  <testcase name="Register_05_Register_With_Invalid_Confirm_Password" time="0.880" classname="com.nopcommerce.Register"/>
  <testcase name="Register_01_Register_With_Empty_Data" time="0.610" classname="com.nopcommerce.Register"/>
  <testcase name="Register_06_Register_With_Valid_Data" time="2.306" classname="com.nopcommerce.Register"/>
  <testcase name="Register_03_Register_With_Existed_Email" time="2.214" classname="com.nopcommerce.Register"/>
</testsuite> <!-- com.nopcommerce.Register -->
