<?xml version="1.0" encoding="UTF-8"?>
<!-- Generated by org.testng.reporters.JUnitReportReporter -->
<testsuite skipped="0" hostname="DESKTOP-GKM8JN3" name="com.nopcommerce.Login" tests="6" failures="0" timestamp="28 Mar 2021 07:48:36 GMT" time="12.749" errors="0">
  <testcase name="Login_06_Login_With_Valid_Data" time="2.405" classname="com.nopcommerce.Login"/>
  <testcase name="Login_03_Login_With_Not_Exist_Email" time="1.829" classname="com.nopcommerce.Login"/>
  <testcase name="Login_05_Login_With_Invalid_Password" time="2.733" classname="com.nopcommerce.Login"/>
  <testcase name="Login_01_Login_With_Empty_Data" time="1.551" classname="com.nopcommerce.Login"/>
  <testcase name="Login_02_Login_With_Invalid_Email" time="1.515" classname="com.nopcommerce.Login"/>
  <testcase name="Login_04_Login_With_Empty_Password" time="2.716" classname="com.nopcommerce.Login"/>
</testsuite> <!-- com.nopcommerce.Login -->
